<?xml version="1.0" encoding="UTF-8"?>
<!-- Generated by org.testng.reporters.JUnitXMLReporter -->
<testsuite ignored="0" hostname="LAPTOP-EUED7H98" failures="0" tests="5" name="Test" time="17.59" errors="0" timestamp="2022-11-30T11:19:13 IST">
  <testcase classname="Package1.ClassTwo" name="Mehtod2" time="0.018"/>
  <testcase classname="Package2.ClassThree" name="Method3" time="0.004"/>
  <testcase classname="Package2.ClassFour" name="MEhtod4" time="0.002"/>
  <testcase classname="Package1.ClassOne" name="Method1" time="0.002"/>
  <testcase classname="DemoMaven_TestNG.MyFisrtProgram" name="Method1" time="17.489"/>
</testsuite> <!-- Test -->
